<?xml version="1.0" encoding="UTF-8"?>
<!-- Generated by org.testng.reporters.JUnitReportReporter -->
<testsuite hostname="LAPTOP-BKN75882" failures="0" tests="4" name="SwagLabs.Swaglabs" time="1.421" errors="0" timestamp="2023-01-08T00:32:16 EST" skipped="0">
  <testcase classname="SwagLabs.Swaglabs" name="login" time="0.482"/>
  <system-out/>
  <testcase classname="SwagLabs.Swaglabs" name="addProductToCart" time="0.067"/>
  <system-out/>
  <testcase classname="SwagLabs.Swaglabs" name="checkoutAndContinue" time="0.692"/>
  <system-out/>
  <testcase classname="SwagLabs.Swaglabs" name="validateChekout" time="0.180"/>
  <system-out/>
</testsuite> <!-- SwagLabs.Swaglabs -->
