<?xml version="1.0" encoding="UTF-8"?>
<!-- Generated by org.testng.reporters.JUnitReportReporter -->
<testsuite hostname="LAPTOP-BKN75882" failures="0" tests="4" name="SwagLabs.Selenium_checkout" time="3.553" errors="0" timestamp="2023-01-08T00:46:49 EST" skipped="0">
  <testcase classname="SwagLabs.Selenium_checkout" name="login" time="1.524"/>
  <system-out/>
  <testcase classname="SwagLabs.Selenium_checkout" name="addProductToCart" time="0.082"/>
  <system-out/>
  <testcase classname="SwagLabs.Selenium_checkout" name="checkoutAndContinue" time="0.753"/>
  <system-out/>
  <testcase classname="SwagLabs.Selenium_checkout" name="validateChekout" time="1.194"/>
  <system-out/>
</testsuite> <!-- SwagLabs.Selenium_checkout -->
