<?xml version="1.0" encoding="UTF-8"?>
<!-- Generated by org.testng.reporters.JUnitReportReporter -->
<testsuite hostname="LAPTOP-BKN75882" failures="0" tests="4" name="SwagLabs.Selenium_checkout" time="7.514" errors="0" timestamp="2023-01-08T02:43:17 EST" skipped="0">
  <testcase classname="SwagLabs.Selenium_checkout" name="login" time="1.493"/>
  <system-out/>
  <testcase classname="SwagLabs.Selenium_checkout" name="addProductToCart" time="1.084"/>
  <system-out/>
  <testcase classname="SwagLabs.Selenium_checkout" name="checkoutAndContinue" time="3.748"/>
  <system-out/>
  <testcase classname="SwagLabs.Selenium_checkout" name="validateChekout" time="1.189"/>
  <system-out/>
</testsuite> <!-- SwagLabs.Selenium_checkout -->
